2020-02-18T22:43:36: >>> Adobe Updater Log Begin >>>
2020-02-18T22:43:36: Application Version: 6.0.0.67
2020-02-18T22:43:36: cmdline option: -logFile = C:\Users\23481\AppData\Local\Adobe\AAMUpdater\1.0\aamul.log
2020-02-18T22:43:36: cmdline option: -logLevel = 2
2020-02-18T22:43:36: StartupUtility : Loaded at startup/logon.
2020-02-18T22:43:36: UCIsUpdaterEnabled : UpdaterIsEnabled.
2020-02-18T22:43:36: Updater has never been run on the machine.
2020-02-18T22:43:36: StartupUtility : Window is NOT Elapsed.
2020-02-18T22:43:36: <<< Adobe Updater Log End <<<


2020-02-19T05:41:36: >>> Adobe Updater Log Begin >>>
2020-02-19T05:41:36: Application Version: 6.0.0.67
2020-02-19T05:41:36: cmdline option: -logFile = C:\Users\23481\AppData\Local\Adobe\AAMUpdater\1.0\aamul.log
2020-02-19T05:41:36: cmdline option: -logLevel = 2
2020-02-19T05:41:36: StartupUtility : Loaded at startup/logon.
2020-02-19T05:41:36: UCIsUpdaterEnabled : UpdaterIsEnabled.
2020-02-19T05:41:36: Updater has never been run on the machine.
2020-02-19T05:41:36: StartupUtility : Window is NOT Elapsed.
2020-02-19T05:41:36: <<< Adobe Updater Log End <<<


2020-02-19T23:34:02: >>> Adobe Updater Log Begin >>>
2020-02-19T23:34:02: Application Version: 6.0.0.67
2020-02-19T23:34:02: cmdline option: -logFile = C:\Users\23481\AppData\Local\Adobe\AAMUpdater\1.0\aamul.log
2020-02-19T23:34:02: cmdline option: -logLevel = 2
2020-02-19T23:34:02: StartupUtility : Loaded at startup/logon.
2020-02-19T23:34:02: UCIsUpdaterEnabled : UpdaterIsEnabled.
2020-02-19T23:34:02: Updater has never been run on the machine.
2020-02-19T23:34:02: StartupUtility : Window is NOT Elapsed.
2020-02-19T23:34:02: <<< Adobe Updater Log End <<<


2020-02-20T10:58:04: >>> Adobe Updater Log Begin >>>
2020-02-20T10:58:04: Application Version: 6.0.0.67
2020-02-20T10:58:04: cmdline option: -logFile = C:\Users\23481\AppData\Local\Adobe\AAMUpdater\1.0\aamul.log
2020-02-20T10:58:04: cmdline option: -logLevel = 2
2020-02-20T10:58:04: StartupUtility : Loaded at startup/logon.
2020-02-20T10:58:04: UCIsUpdaterEnabled : UpdaterIsEnabled.
2020-02-20T10:58:04: Updater has never been run on the machine.
2020-02-20T10:58:04: StartupUtility : Window is NOT Elapsed.
2020-02-20T10:58:04: <<< Adobe Updater Log End <<<


2020-02-20T11:12:33: >>> Adobe Updater Log Begin >>>
2020-02-20T11:12:33: Application Version: 6.0.0.67
2020-02-20T11:12:33: cmdline option: -logFile = C:\Users\23481\AppData\Local\Adobe\AAMUpdater\1.0\aamul.log
2020-02-20T11:12:33: cmdline option: -logLevel = 2
2020-02-20T11:12:33: StartupUtility : Loaded at startup/logon.
2020-02-20T11:12:33: UCIsUpdaterEnabled : UpdaterIsEnabled.
2020-02-20T11:12:33: Updater has never been run on the machine.
2020-02-20T11:12:33: StartupUtility : Window is NOT Elapsed.
2020-02-20T11:12:33: <<< Adobe Updater Log End <<<


2020-02-20T13:41:55: >>> Adobe Updater Log Begin >>>
2020-02-20T13:41:55: Application Version: 6.0.0.67
2020-02-20T13:41:55: cmdline option: -logFile = C:\Users\23481\AppData\Local\Adobe\AAMUpdater\1.0\aamul.log
2020-02-20T13:41:55: cmdline option: -logLevel = 2
2020-02-20T13:41:55: StartupUtility : Loaded at startup/logon.
2020-02-20T13:41:55: UCIsUpdaterEnabled : UpdaterIsEnabled.
2020-02-20T13:41:55: Updater has never been run on the machine.
2020-02-20T13:41:55: StartupUtility : Window is NOT Elapsed.
2020-02-20T13:41:55: <<< Adobe Updater Log End <<<


2020-02-21T08:32:29: >>> Adobe Updater Log Begin >>>
2020-02-21T08:32:29: Application Version: 6.0.0.67
2020-02-21T08:32:29: cmdline option: -logFile = C:\Users\23481\AppData\Local\Adobe\AAMUpdater\1.0\aamul.log
2020-02-21T08:32:29: cmdline option: -logLevel = 2
2020-02-21T08:32:29: StartupUtility : Loaded at startup/logon.
2020-02-21T08:32:29: UCIsUpdaterEnabled : UpdaterIsEnabled.
2020-02-21T08:32:29: Updater has never been run on the machine.
2020-02-21T08:32:29: StartupUtility : Window is NOT Elapsed.
2020-02-21T08:32:29: <<< Adobe Updater Log End <<<


2020-02-22T09:13:32: >>> Adobe Updater Log Begin >>>
2020-02-22T09:13:32: Application Version: 6.0.0.67
2020-02-22T09:13:32: cmdline option: -logFile = C:\Users\23481\AppData\Local\Adobe\AAMUpdater\1.0\aamul.log
2020-02-22T09:13:32: cmdline option: -logLevel = 2
2020-02-22T09:13:32: StartupUtility : Loaded at startup/logon.
2020-02-22T09:13:32: UCIsUpdaterEnabled : UpdaterIsEnabled.
2020-02-22T09:13:32: Updater has never been run on the machine.
2020-02-22T09:13:32: StartupUtility : Window is NOT Elapsed.
2020-02-22T09:13:32: <<< Adobe Updater Log End <<<


2020-02-22T09:57:29: >>> Adobe Updater Log Begin >>>
2020-02-22T09:57:29: Application Version: 6.0.0.67
2020-02-22T09:57:29: cmdline option: -logFile = C:\Users\23481\AppData\Local\Adobe\AAMUpdater\1.0\aamul.log
2020-02-22T09:57:29: cmdline option: -logLevel = 2
2020-02-22T09:57:29: StartupUtility : Loaded at startup/logon.
2020-02-22T09:57:29: UCIsUpdaterEnabled : UpdaterIsEnabled.
2020-02-22T09:57:29: Updater has never been run on the machine.
2020-02-22T09:57:29: StartupUtility : Window is NOT Elapsed.
2020-02-22T09:57:29: <<< Adobe Updater Log End <<<


2020-02-23T22:03:21: >>> Adobe Updater Log Begin >>>
2020-02-23T22:03:21: Application Version: 6.0.0.67
2020-02-23T22:03:21: cmdline option: -logFile = C:\Users\23481\AppData\Local\Adobe\AAMUpdater\1.0\aamul.log
2020-02-23T22:03:21: cmdline option: -logLevel = 2
2020-02-23T22:03:21: StartupUtility : Loaded at startup/logon.
2020-02-23T22:03:21: UCIsUpdaterEnabled : UpdaterIsEnabled.
2020-02-23T22:03:21: Updater has never been run on the machine.
2020-02-23T22:03:21: StartupUtility : Window is NOT Elapsed.
2020-02-23T22:03:21: <<< Adobe Updater Log End <<<


2020-02-24T09:06:54: >>> Adobe Updater Log Begin >>>
2020-02-24T09:06:54: Application Version: 6.0.0.67
2020-02-24T09:06:54: cmdline option: -logFile = C:\Users\23481\AppData\Local\Adobe\AAMUpdater\1.0\aamul.log
2020-02-24T09:06:54: cmdline option: -logLevel = 2
2020-02-24T09:06:54: StartupUtility : Loaded at startup/logon.
2020-02-24T09:06:54: UCIsUpdaterEnabled : UpdaterIsEnabled.
2020-02-24T09:06:54: Updater has never been run on the machine.
2020-02-24T09:06:54: StartupUtility : Window is NOT Elapsed.
2020-02-24T09:06:54: <<< Adobe Updater Log End <<<


2020-02-24T15:35:17: >>> Adobe Updater Log Begin >>>
2020-02-24T15:35:17: Application Version: 6.0.0.67
2020-02-24T15:35:17: cmdline option: -logFile = C:\Users\23481\AppData\Local\Adobe\AAMUpdater\1.0\aamul.log
2020-02-24T15:35:17: cmdline option: -logLevel = 2
2020-02-24T15:35:17: StartupUtility : Loaded at startup/logon.
2020-02-24T15:35:17: UCIsUpdaterEnabled : UpdaterIsEnabled.
2020-02-24T15:35:17: Updater has never been run on the machine.
2020-02-24T15:35:17: StartupUtility : Window is NOT Elapsed.
2020-02-24T15:35:17: <<< Adobe Updater Log End <<<


2020-02-25T07:50:30: >>> Adobe Updater Log Begin >>>
2020-02-25T07:50:30: Application Version: 6.0.0.67
2020-02-25T07:50:30: cmdline option: -logFile = C:\Users\23481\AppData\Local\Adobe\AAMUpdater\1.0\aamul.log
2020-02-25T07:50:30: cmdline option: -logLevel = 2
2020-02-25T07:50:30: StartupUtility : Loaded at startup/logon.
2020-02-25T07:50:30: UCIsUpdaterEnabled : UpdaterIsEnabled.
2020-02-25T07:50:30: Updater has never been run on the machine.
2020-02-25T07:50:30: StartupUtility : Window is NOT Elapsed.
2020-02-25T07:50:30: <<< Adobe Updater Log End <<<


2020-02-25T09:04:24: >>> Adobe Updater Log Begin >>>
2020-02-25T09:04:24: Application Version: 6.0.0.67
2020-02-25T09:04:24: cmdline option: -logFile = C:\Users\23481\AppData\Local\Adobe\AAMUpdater\1.0\aamul.log
2020-02-25T09:04:24: cmdline option: -logLevel = 2
2020-02-25T09:04:24: StartupUtility : Loaded at startup/logon.
2020-02-25T09:04:24: UCIsUpdaterEnabled : UpdaterIsEnabled.
2020-02-25T09:04:24: Updater has never been run on the machine.
2020-02-25T09:04:24: StartupUtility : Window is NOT Elapsed.
2020-02-25T09:04:24: <<< Adobe Updater Log End <<<


2020-02-25T10:30:18: >>> Adobe Updater Log Begin >>>
2020-02-25T10:30:18: Application Version: 6.0.0.67
2020-02-25T10:30:18: cmdline option: -logFile = C:\Users\23481\AppData\Local\Adobe\AAMUpdater\1.0\aamul.log
2020-02-25T10:30:18: cmdline option: -logLevel = 2
2020-02-25T10:30:18: StartupUtility : Loaded at startup/logon.
2020-02-25T10:30:18: UCIsUpdaterEnabled : UpdaterIsEnabled.
2020-02-25T10:30:18: Updater has never been run on the machine.
2020-02-25T10:30:18: StartupUtility : Window is NOT Elapsed.
2020-02-25T10:30:18: <<< Adobe Updater Log End <<<


2020-02-25T23:03:15: >>> Adobe Updater Log Begin >>>
2020-02-25T23:03:15: Application Version: 6.0.0.67
2020-02-25T23:03:15: cmdline option: -logFile = C:\Users\23481\AppData\Local\Adobe\AAMUpdater\1.0\aamul.log
2020-02-25T23:03:15: cmdline option: -logLevel = 2
2020-02-25T23:03:15: StartupUtility : Loaded at startup/logon.
2020-02-25T23:03:15: UCIsUpdaterEnabled : UpdaterIsEnabled.
2020-02-25T23:03:15: Updater has never been run on the machine.
2020-02-25T23:03:15: StartupUtility : Window is NOT Elapsed.
2020-02-25T23:03:15: <<< Adobe Updater Log End <<<


2020-02-26T02:27:33: >>> Adobe Updater Log Begin >>>
2020-02-26T02:27:33: Application Version: 6.0.0.67
2020-02-26T02:27:33: cmdline option: -logFile = C:\Users\23481\AppData\Local\Adobe\AAMUpdater\1.0\aamul.log
2020-02-26T02:27:33: cmdline option: -logLevel = 2
2020-02-26T02:27:33: StartupUtility : Loaded at startup/logon.
2020-02-26T02:27:33: UCIsUpdaterEnabled : UpdaterIsEnabled.
2020-02-26T02:27:34: Updater has never been run on the machine.
2020-02-26T02:27:34: StartupUtility : Window is NOT Elapsed.
2020-02-26T02:27:34: <<< Adobe Updater Log End <<<


2020-02-26T09:05:26: >>> Adobe Updater Log Begin >>>
2020-02-26T09:05:26: Application Version: 6.0.0.67
2020-02-26T09:05:26: cmdline option: -logFile = C:\Users\23481\AppData\Local\Adobe\AAMUpdater\1.0\aamul.log
2020-02-26T09:05:26: cmdline option: -logLevel = 2
2020-02-26T09:05:26: StartupUtility : Loaded at startup/logon.
2020-02-26T09:05:26: UCIsUpdaterEnabled : UpdaterIsEnabled.
2020-02-26T09:05:26: Updater has never been run on the machine.
2020-02-26T09:05:26: StartupUtility : Window is NOT Elapsed.
2020-02-26T09:05:26: <<< Adobe Updater Log End <<<


2020-02-26T17:36:14: >>> Adobe Updater Log Begin >>>
2020-02-26T17:36:14: Application Version: 6.0.0.67
2020-02-26T17:36:14: cmdline option: -logFile = C:\Users\23481\AppData\Local\Adobe\AAMUpdater\1.0\aamul.log
2020-02-26T17:36:14: cmdline option: -logLevel = 2
2020-02-26T17:36:14: StartupUtility : Loaded at startup/logon.
2020-02-26T17:36:14: UCIsUpdaterEnabled : UpdaterIsEnabled.
2020-02-26T17:36:14: Updater has never been run on the machine.
2020-02-26T17:36:14: StartupUtility : Window is NOT Elapsed.
2020-02-26T17:36:14: <<< Adobe Updater Log End <<<


2020-02-26T18:18:14: >>> Adobe Updater Log Begin >>>
2020-02-26T18:18:14: Application Version: 6.0.0.67
2020-02-26T18:18:14: cmdline option: -logFile = C:\Users\23481\AppData\Local\Adobe\AAMUpdater\1.0\aamul.log
2020-02-26T18:18:14: cmdline option: -logLevel = 2
2020-02-26T18:18:14: StartupUtility : Loaded at startup/logon.
2020-02-26T18:18:14: UCIsUpdaterEnabled : UpdaterIsEnabled.
2020-02-26T18:18:14: Updater has never been run on the machine.
2020-02-26T18:18:14: StartupUtility : Window is NOT Elapsed.
2020-02-26T18:18:14: <<< Adobe Updater Log End <<<


2020-02-26T22:04:11: >>> Adobe Updater Log Begin >>>
2020-02-26T22:04:11: Application Version: 6.0.0.67
2020-02-26T22:04:11: cmdline option: -logFile = C:\Users\23481\AppData\Local\Adobe\AAMUpdater\1.0\aamul.log
2020-02-26T22:04:11: cmdline option: -logLevel = 2
2020-02-26T22:04:11: StartupUtility : Loaded at startup/logon.
2020-02-26T22:04:11: UCIsUpdaterEnabled : UpdaterIsEnabled.
2020-02-26T22:04:11: Updater has never been run on the machine.
2020-02-26T22:04:11: StartupUtility : Window is NOT Elapsed.
2020-02-26T22:04:11: <<< Adobe Updater Log End <<<


2020-02-27T16:45:54: >>> Adobe Updater Log Begin >>>
2020-02-27T16:45:54: Application Version: 6.0.0.67
2020-02-27T16:45:54: cmdline option: -logFile = C:\Users\23481\AppData\Local\Adobe\AAMUpdater\1.0\aamul.log
2020-02-27T16:45:54: cmdline option: -logLevel = 2
2020-02-27T16:45:54: StartupUtility : Loaded at startup/logon.
2020-02-27T16:45:54: UCIsUpdaterEnabled : UpdaterIsEnabled.
2020-02-27T16:45:54: Updater has never been run on the machine.
2020-02-27T16:45:54: StartupUtility : Window is NOT Elapsed.
2020-02-27T16:45:54: <<< Adobe Updater Log End <<<


2020-02-27T22:39:42: >>> Adobe Updater Log Begin >>>
2020-02-27T22:39:42: Application Version: 6.0.0.67
2020-02-27T22:39:42: cmdline option: -logFile = C:\Users\23481\AppData\Local\Adobe\AAMUpdater\1.0\aamul.log
2020-02-27T22:39:42: cmdline option: -logLevel = 2
2020-02-27T22:39:42: StartupUtility : Loaded at startup/logon.
2020-02-27T22:39:42: UCIsUpdaterEnabled : UpdaterIsEnabled.
2020-02-27T22:39:42: Updater has never been run on the machine.
2020-02-27T22:39:42: StartupUtility : Window is NOT Elapsed.
2020-02-27T22:39:42: <<< Adobe Updater Log End <<<


2020-02-28T05:59:15: >>> Adobe Updater Log Begin >>>
2020-02-28T05:59:15: Application Version: 6.0.0.67
2020-02-28T05:59:15: cmdline option: -logFile = C:\Users\23481\AppData\Local\Adobe\AAMUpdater\1.0\aamul.log
2020-02-28T05:59:15: cmdline option: -logLevel = 2
2020-02-28T05:59:15: StartupUtility : Loaded at startup/logon.
2020-02-28T05:59:15: UCIsUpdaterEnabled : UpdaterIsEnabled.
2020-02-28T05:59:15: Updater has never been run on the machine.
2020-02-28T05:59:15: StartupUtility : Window is NOT Elapsed.
2020-02-28T05:59:15: <<< Adobe Updater Log End <<<


2020-02-28T10:14:03: >>> Adobe Updater Log Begin >>>
2020-02-28T10:14:03: Application Version: 6.0.0.67
2020-02-28T10:14:03: cmdline option: -logFile = C:\Users\23481\AppData\Local\Adobe\AAMUpdater\1.0\aamul.log
2020-02-28T10:14:03: cmdline option: -logLevel = 2
2020-02-28T10:14:03: StartupUtility : Loaded at startup/logon.
2020-02-28T10:14:03: UCIsUpdaterEnabled : UpdaterIsEnabled.
2020-02-28T10:14:03: Updater has never been run on the machine.
2020-02-28T10:14:03: StartupUtility : Window is NOT Elapsed.
2020-02-28T10:14:03: <<< Adobe Updater Log End <<<


2020-02-28T20:26:03: >>> Adobe Updater Log Begin >>>
2020-02-28T20:26:03: Application Version: 6.0.0.67
2020-02-28T20:26:03: cmdline option: -logFile = C:\Users\23481\AppData\Local\Adobe\AAMUpdater\1.0\aamul.log
2020-02-28T20:26:03: cmdline option: -logLevel = 2
2020-02-28T20:26:03: StartupUtility : Loaded at startup/logon.
2020-02-28T20:26:03: UCIsUpdaterEnabled : UpdaterIsEnabled.
2020-02-28T20:26:03: Updater has never been run on the machine.
2020-02-28T20:26:03: StartupUtility : Window is NOT Elapsed.
2020-02-28T20:26:03: <<< Adobe Updater Log End <<<


2020-02-29T09:07:12: >>> Adobe Updater Log Begin >>>
2020-02-29T09:07:12: Application Version: 6.0.0.67
2020-02-29T09:07:12: cmdline option: -logFile = C:\Users\23481\AppData\Local\Adobe\AAMUpdater\1.0\aamul.log
2020-02-29T09:07:12: cmdline option: -logLevel = 2
2020-02-29T09:07:12: StartupUtility : Loaded at startup/logon.
2020-02-29T09:07:12: UCIsUpdaterEnabled : UpdaterIsEnabled.
2020-02-29T09:07:12: Updater has never been run on the machine.
2020-02-29T09:07:12: StartupUtility : Window is NOT Elapsed.
2020-02-29T09:07:12: <<< Adobe Updater Log End <<<


2020-02-29T17:28:45: >>> Adobe Updater Log Begin >>>
2020-02-29T17:28:45: Application Version: 6.0.0.67
2020-02-29T17:28:45: cmdline option: -logFile = C:\Users\23481\AppData\Local\Adobe\AAMUpdater\1.0\aamul.log
2020-02-29T17:28:45: cmdline option: -logLevel = 2
2020-02-29T17:28:45: StartupUtility : Loaded at startup/logon.
2020-02-29T17:28:45: UCIsUpdaterEnabled : UpdaterIsEnabled.
2020-02-29T17:28:45: Updater has never been run on the machine.
2020-02-29T17:28:45: StartupUtility : Window is NOT Elapsed.
2020-02-29T17:28:45: <<< Adobe Updater Log End <<<


2020-03-01T12:03:11: >>> Adobe Updater Log Begin >>>
2020-03-01T12:03:11: Application Version: 6.0.0.67
2020-03-01T12:03:11: cmdline option: -logFile = C:\Users\23481\AppData\Local\Adobe\AAMUpdater\1.0\aamul.log
2020-03-01T12:03:11: cmdline option: -logLevel = 2
2020-03-01T12:03:11: StartupUtility : Loaded at startup/logon.
2020-03-01T12:03:11: UCIsUpdaterEnabled : UpdaterIsEnabled.
2020-03-01T12:03:11: Updater has never been run on the machine.
2020-03-01T12:03:11: StartupUtility : Window is NOT Elapsed.
2020-03-01T12:03:11: <<< Adobe Updater Log End <<<


2020-03-01T22:44:22: >>> Adobe Updater Log Begin >>>
2020-03-01T22:44:22: Application Version: 6.0.0.67
2020-03-01T22:44:22: cmdline option: -logFile = C:\Users\23481\AppData\Local\Adobe\AAMUpdater\1.0\aamul.log
2020-03-01T22:44:22: cmdline option: -logLevel = 2
2020-03-01T22:44:22: StartupUtility : Loaded at startup/logon.
2020-03-01T22:44:22: UCIsUpdaterEnabled : UpdaterIsEnabled.
2020-03-01T22:44:22: Updater has never been run on the machine.
2020-03-01T22:44:22: StartupUtility : Window is NOT Elapsed.
2020-03-01T22:44:22: <<< Adobe Updater Log End <<<


2020-03-02T10:22:13: >>> Adobe Updater Log Begin >>>
2020-03-02T10:22:13: Application Version: 6.0.0.67
2020-03-02T10:22:13: cmdline option: -logFile = C:\Users\23481\AppData\Local\Adobe\AAMUpdater\1.0\aamul.log
2020-03-02T10:22:13: cmdline option: -logLevel = 2
2020-03-02T10:22:13: StartupUtility : Loaded at startup/logon.
2020-03-02T10:22:13: UCIsUpdaterEnabled : UpdaterIsEnabled.
2020-03-02T10:22:13: Updater has never been run on the machine.
2020-03-02T10:22:13: StartupUtility : Window is NOT Elapsed.
2020-03-02T10:22:13: <<< Adobe Updater Log End <<<


2020-03-02T11:25:47: >>> Adobe Updater Log Begin >>>
2020-03-02T11:25:47: Application Version: 6.0.0.67
2020-03-02T11:25:47: cmdline option: -logFile = C:\Users\23481\AppData\Local\Adobe\AAMUpdater\1.0\aamul.log
2020-03-02T11:25:47: cmdline option: -logLevel = 2
2020-03-02T11:25:47: StartupUtility : Loaded at startup/logon.
2020-03-02T11:25:47: UCIsUpdaterEnabled : UpdaterIsEnabled.
2020-03-02T11:25:47: Updater has never been run on the machine.
2020-03-02T11:25:47: StartupUtility : Window is NOT Elapsed.
2020-03-02T11:25:47: <<< Adobe Updater Log End <<<


2020-03-02T12:47:12: >>> Adobe Updater Log Begin >>>
2020-03-02T12:47:12: Application Version: 6.0.0.67
2020-03-02T12:47:12: cmdline option: -logFile = C:\Users\23481\AppData\Local\Adobe\AAMUpdater\1.0\aamul.log
2020-03-02T12:47:12: cmdline option: -logLevel = 2
2020-03-02T12:47:12: StartupUtility : Loaded at startup/logon.
2020-03-02T12:47:12: UCIsUpdaterEnabled : UpdaterIsEnabled.
2020-03-02T12:47:12: Updater has never been run on the machine.
2020-03-02T12:47:12: StartupUtility : Window is NOT Elapsed.
2020-03-02T12:47:12: <<< Adobe Updater Log End <<<


2020-03-02T19:45:54: >>> Adobe Updater Log Begin >>>
2020-03-02T19:45:54: Application Version: 6.0.0.67
2020-03-02T19:45:54: cmdline option: -logFile = C:\Users\23481\AppData\Local\Adobe\AAMUpdater\1.0\aamul.log
2020-03-02T19:45:54: cmdline option: -logLevel = 2
2020-03-02T19:45:54: StartupUtility : Loaded at startup/logon.
2020-03-02T19:45:54: UCIsUpdaterEnabled : UpdaterIsEnabled.
2020-03-02T19:45:54: Updater has never been run on the machine.
2020-03-02T19:45:54: StartupUtility : Window is NOT Elapsed.
2020-03-02T19:45:54: <<< Adobe Updater Log End <<<


2020-03-03T13:15:37: >>> Adobe Updater Log Begin >>>
2020-03-03T13:15:37: Application Version: 6.0.0.67
2020-03-03T13:15:37: cmdline option: -logFile = C:\Users\23481\AppData\Local\Adobe\AAMUpdater\1.0\aamul.log
2020-03-03T13:15:37: cmdline option: -logLevel = 2
2020-03-03T13:15:37: StartupUtility : Loaded at startup/logon.
2020-03-03T13:15:37: UCIsUpdaterEnabled : UpdaterIsEnabled.
2020-03-03T13:15:37: Updater has never been run on the machine.
2020-03-03T13:15:37: StartupUtility : Window is NOT Elapsed.
2020-03-03T13:15:37: <<< Adobe Updater Log End <<<


2020-03-03T18:51:50: >>> Adobe Updater Log Begin >>>
2020-03-03T18:51:50: Application Version: 6.0.0.67
2020-03-03T18:51:50: cmdline option: -logFile = C:\Users\23481\AppData\Local\Adobe\AAMUpdater\1.0\aamul.log
2020-03-03T18:51:50: cmdline option: -logLevel = 2
2020-03-03T18:51:50: StartupUtility : Loaded at startup/logon.
2020-03-03T18:51:50: UCIsUpdaterEnabled : UpdaterIsEnabled.
2020-03-03T18:51:50: Updater has never been run on the machine.
2020-03-03T18:51:50: StartupUtility : Window is NOT Elapsed.
2020-03-03T18:51:50: <<< Adobe Updater Log End <<<


2020-03-04T10:02:24: >>> Adobe Updater Log Begin >>>
2020-03-04T10:02:24: Application Version: 6.0.0.67
2020-03-04T10:02:24: cmdline option: -logFile = C:\Users\23481\AppData\Local\Adobe\AAMUpdater\1.0\aamul.log
2020-03-04T10:02:24: cmdline option: -logLevel = 2
2020-03-04T10:02:24: StartupUtility : Loaded at startup/logon.
2020-03-04T10:02:24: UCIsUpdaterEnabled : UpdaterIsEnabled.
2020-03-04T10:02:24: Updater has never been run on the machine.
2020-03-04T10:02:24: StartupUtility : Window is NOT Elapsed.
2020-03-04T10:02:24: <<< Adobe Updater Log End <<<


2020-03-04T15:27:56: >>> Adobe Updater Log Begin >>>
2020-03-04T15:27:56: Application Version: 6.0.0.67
2020-03-04T15:27:56: cmdline option: -logFile = C:\Users\23481\AppData\Local\Adobe\AAMUpdater\1.0\aamul.log
2020-03-04T15:27:56: cmdline option: -logLevel = 2
2020-03-04T15:27:56: StartupUtility : Loaded at startup/logon.
2020-03-04T15:27:56: UCIsUpdaterEnabled : UpdaterIsEnabled.
2020-03-04T15:27:56: Updater has never been run on the machine.
2020-03-04T15:27:56: StartupUtility : Window is NOT Elapsed.
2020-03-04T15:27:56: <<< Adobe Updater Log End <<<


2020-03-04T22:56:33: >>> Adobe Updater Log Begin >>>
2020-03-04T22:56:33: Application Version: 6.0.0.67
2020-03-04T22:56:33: cmdline option: -logFile = C:\Users\23481\AppData\Local\Adobe\AAMUpdater\1.0\aamul.log
2020-03-04T22:56:33: cmdline option: -logLevel = 2
2020-03-04T22:56:33: StartupUtility : Loaded at startup/logon.
2020-03-04T22:56:33: UCIsUpdaterEnabled : UpdaterIsEnabled.
2020-03-04T22:56:33: Updater has never been run on the machine.
2020-03-04T22:56:33: StartupUtility : Window is NOT Elapsed.
2020-03-04T22:56:33: <<< Adobe Updater Log End <<<


2020-03-05T01:31:21: >>> Adobe Updater Log Begin >>>
2020-03-05T01:31:21: Application Version: 6.0.0.67
2020-03-05T01:31:21: cmdline option: -logFile = C:\Users\23481\AppData\Local\Adobe\AAMUpdater\1.0\aamul.log
2020-03-05T01:31:21: cmdline option: -logLevel = 2
2020-03-05T01:31:21: StartupUtility : Loaded at startup/logon.
2020-03-05T01:31:21: UCIsUpdaterEnabled : UpdaterIsEnabled.
2020-03-05T01:31:21: Updater has never been run on the machine.
2020-03-05T01:31:21: StartupUtility : Window is NOT Elapsed.
2020-03-05T01:31:21: <<< Adobe Updater Log End <<<


2020-03-05T10:56:17: >>> Adobe Updater Log Begin >>>
2020-03-05T10:56:17: Application Version: 6.0.0.67
2020-03-05T10:56:17: cmdline option: -logFile = C:\Users\23481\AppData\Local\Adobe\AAMUpdater\1.0\aamul.log
2020-03-05T10:56:17: cmdline option: -logLevel = 2
2020-03-05T10:56:17: StartupUtility : Loaded at startup/logon.
2020-03-05T10:56:17: UCIsUpdaterEnabled : UpdaterIsEnabled.
2020-03-05T10:56:17: Updater has never been run on the machine.
2020-03-05T10:56:17: StartupUtility : Window is NOT Elapsed.
2020-03-05T10:56:17: <<< Adobe Updater Log End <<<


2020-03-05T21:44:23: >>> Adobe Updater Log Begin >>>
2020-03-05T21:44:23: Application Version: 6.0.0.67
2020-03-05T21:44:23: cmdline option: -logFile = C:\Users\23481\AppData\Local\Adobe\AAMUpdater\1.0\aamul.log
2020-03-05T21:44:23: cmdline option: -logLevel = 2
2020-03-05T21:44:23: StartupUtility : Loaded at startup/logon.
2020-03-05T21:44:23: UCIsUpdaterEnabled : UpdaterIsEnabled.
2020-03-05T21:44:23: Updater has never been run on the machine.
2020-03-05T21:44:23: StartupUtility : Window is NOT Elapsed.
2020-03-05T21:44:23: <<< Adobe Updater Log End <<<


2020-03-06T05:11:33: >>> Adobe Updater Log Begin >>>
2020-03-06T05:11:33: Application Version: 6.0.0.67
2020-03-06T05:11:33: cmdline option: -logFile = C:\Users\23481\AppData\Local\Adobe\AAMUpdater\1.0\aamul.log
2020-03-06T05:11:33: cmdline option: -logLevel = 2
2020-03-06T05:11:33: StartupUtility : Loaded at startup/logon.
2020-03-06T05:11:33: UCIsUpdaterEnabled : UpdaterIsEnabled.
2020-03-06T05:11:33: Updater has never been run on the machine.
2020-03-06T05:11:33: StartupUtility : Window is NOT Elapsed.
2020-03-06T05:11:33: <<< Adobe Updater Log End <<<


2020-03-06T06:07:22: >>> Adobe Updater Log Begin >>>
2020-03-06T06:07:22: Application Version: 6.0.0.67
2020-03-06T06:07:22: cmdline option: -logFile = C:\Users\23481\AppData\Local\Adobe\AAMUpdater\1.0\aamul.log
2020-03-06T06:07:22: cmdline option: -logLevel = 2
2020-03-06T06:07:22: StartupUtility : Loaded at startup/logon.
2020-03-06T06:07:22: UCIsUpdaterEnabled : UpdaterIsEnabled.
2020-03-06T06:07:22: Updater has never been run on the machine.
2020-03-06T06:07:22: StartupUtility : Window is NOT Elapsed.
2020-03-06T06:07:22: <<< Adobe Updater Log End <<<


2020-03-06T07:21:21: >>> Adobe Updater Log Begin >>>
2020-03-06T07:21:21: Application Version: 6.0.0.67
2020-03-06T07:21:21: cmdline option: -logFile = C:\Users\23481\AppData\Local\Adobe\AAMUpdater\1.0\aamul.log
2020-03-06T07:21:21: cmdline option: -logLevel = 2
2020-03-06T07:21:21: StartupUtility : Loaded at startup/logon.
2020-03-06T07:21:21: UCIsUpdaterEnabled : UpdaterIsEnabled.
2020-03-06T07:21:21: Updater has never been run on the machine.
2020-03-06T07:21:21: StartupUtility : Window is NOT Elapsed.
2020-03-06T07:21:21: <<< Adobe Updater Log End <<<


2020-03-06T10:11:06: >>> Adobe Updater Log Begin >>>
2020-03-06T10:11:06: Application Version: 6.0.0.67
2020-03-06T10:11:06: cmdline option: -logFile = C:\Users\23481\AppData\Local\Adobe\AAMUpdater\1.0\aamul.log
2020-03-06T10:11:06: cmdline option: -logLevel = 2
2020-03-06T10:11:06: StartupUtility : Loaded at startup/logon.
2020-03-06T10:11:06: UCIsUpdaterEnabled : UpdaterIsEnabled.
2020-03-06T10:11:06: Updater has never been run on the machine.
2020-03-06T10:11:06: StartupUtility : Window is NOT Elapsed.
2020-03-06T10:11:06: <<< Adobe Updater Log End <<<


2020-03-06T14:47:46: >>> Adobe Updater Log Begin >>>
2020-03-06T14:47:46: Application Version: 6.0.0.67
2020-03-06T14:47:46: cmdline option: -logFile = C:\Users\23481\AppData\Local\Adobe\AAMUpdater\1.0\aamul.log
2020-03-06T14:47:46: cmdline option: -logLevel = 2
2020-03-06T14:47:46: StartupUtility : Loaded at startup/logon.
2020-03-06T14:47:46: UCIsUpdaterEnabled : UpdaterIsEnabled.
2020-03-06T14:47:46: Updater has never been run on the machine.
2020-03-06T14:47:46: StartupUtility : Window is NOT Elapsed.
2020-03-06T14:47:46: <<< Adobe Updater Log End <<<


2020-03-06T17:02:14: >>> Adobe Updater Log Begin >>>
2020-03-06T17:02:14: Application Version: 6.0.0.67
2020-03-06T17:02:14: cmdline option: -logFile = C:\Users\23481\AppData\Local\Adobe\AAMUpdater\1.0\aamul.log
2020-03-06T17:02:14: cmdline option: -logLevel = 2
2020-03-06T17:02:14: StartupUtility : Loaded at startup/logon.
2020-03-06T17:02:14: UCIsUpdaterEnabled : UpdaterIsEnabled.
2020-03-06T17:02:14: Updater has never been run on the machine.
2020-03-06T17:02:14: StartupUtility : Window is NOT Elapsed.
2020-03-06T17:02:14: <<< Adobe Updater Log End <<<


2020-03-06T18:46:42: >>> Adobe Updater Log Begin >>>
2020-03-06T18:46:42: Application Version: 6.0.0.67
2020-03-06T18:46:42: cmdline option: -logFile = C:\Users\23481\AppData\Local\Adobe\AAMUpdater\1.0\aamul.log
2020-03-06T18:46:42: cmdline option: -logLevel = 2
2020-03-06T18:46:42: StartupUtility : Loaded at startup/logon.
2020-03-06T18:46:42: UCIsUpdaterEnabled : UpdaterIsEnabled.
2020-03-06T18:46:42: Updater has never been run on the machine.
2020-03-06T18:46:42: StartupUtility : Window is NOT Elapsed.
2020-03-06T18:46:42: <<< Adobe Updater Log End <<<


2020-03-06T20:43:59: >>> Adobe Updater Log Begin >>>
2020-03-06T20:43:59: Application Version: 6.0.0.67
2020-03-06T20:43:59: cmdline option: -logFile = C:\Users\23481\AppData\Local\Adobe\AAMUpdater\1.0\aamul.log
2020-03-06T20:43:59: cmdline option: -logLevel = 2
2020-03-06T20:43:59: StartupUtility : Loaded at startup/logon.
2020-03-06T20:43:59: UCIsUpdaterEnabled : UpdaterIsEnabled.
2020-03-06T20:43:59: Updater has never been run on the machine.
2020-03-06T20:43:59: StartupUtility : Window is NOT Elapsed.
2020-03-06T20:43:59: <<< Adobe Updater Log End <<<


2020-03-07T01:20:20: >>> Adobe Updater Log Begin >>>
2020-03-07T01:20:20: Application Version: 6.0.0.67
2020-03-07T01:20:20: cmdline option: -logFile = C:\Users\23481\AppData\Local\Adobe\AAMUpdater\1.0\aamul.log
2020-03-07T01:20:20: cmdline option: -logLevel = 2
2020-03-07T01:20:20: StartupUtility : Loaded at startup/logon.
2020-03-07T01:20:20: UCIsUpdaterEnabled : UpdaterIsEnabled.
2020-03-07T01:20:20: Updater has never been run on the machine.
2020-03-07T01:20:20: StartupUtility : Window is NOT Elapsed.
2020-03-07T01:20:20: <<< Adobe Updater Log End <<<


2020-03-07T08:46:08: >>> Adobe Updater Log Begin >>>
2020-03-07T08:46:08: Application Version: 6.0.0.67
2020-03-07T08:46:08: cmdline option: -logFile = C:\Users\23481\AppData\Local\Adobe\AAMUpdater\1.0\aamul.log
2020-03-07T08:46:08: cmdline option: -logLevel = 2
2020-03-07T08:46:08: StartupUtility : Loaded at startup/logon.
2020-03-07T08:46:08: UCIsUpdaterEnabled : UpdaterIsEnabled.
2020-03-07T08:46:08: Updater has never been run on the machine.
2020-03-07T08:46:08: StartupUtility : Window is NOT Elapsed.
2020-03-07T08:46:08: <<< Adobe Updater Log End <<<


2020-03-08T10:43:44: >>> Adobe Updater Log Begin >>>
2020-03-08T10:43:44: Application Version: 6.0.0.67
2020-03-08T10:43:44: cmdline option: -logFile = C:\Users\23481\AppData\Local\Adobe\AAMUpdater\1.0\aamul.log
2020-03-08T10:43:44: cmdline option: -logLevel = 2
2020-03-08T10:43:44: StartupUtility : Loaded at startup/logon.
2020-03-08T10:43:44: UCIsUpdaterEnabled : UpdaterIsEnabled.
2020-03-08T10:43:44: Updater has never been run on the machine.
2020-03-08T10:43:44: StartupUtility : Window is NOT Elapsed.
2020-03-08T10:43:44: <<< Adobe Updater Log End <<<


2020-03-08T22:03:32: >>> Adobe Updater Log Begin >>>
2020-03-08T22:03:32: Application Version: 6.0.0.67
2020-03-08T22:03:32: cmdline option: -logFile = C:\Users\23481\AppData\Local\Adobe\AAMUpdater\1.0\aamul.log
2020-03-08T22:03:32: cmdline option: -logLevel = 2
2020-03-08T22:03:32: StartupUtility : Loaded at startup/logon.
2020-03-08T22:03:32: UCIsUpdaterEnabled : UpdaterIsEnabled.
2020-03-08T22:03:32: Updater has never been run on the machine.
2020-03-08T22:03:32: StartupUtility : Window is NOT Elapsed.
2020-03-08T22:03:32: <<< Adobe Updater Log End <<<


2020-03-09T05:09:23: >>> Adobe Updater Log Begin >>>
2020-03-09T05:09:23: Application Version: 6.0.0.67
2020-03-09T05:09:23: cmdline option: -logFile = C:\Users\23481\AppData\Local\Adobe\AAMUpdater\1.0\aamul.log
2020-03-09T05:09:23: cmdline option: -logLevel = 2
2020-03-09T05:09:23: StartupUtility : Loaded at startup/logon.
2020-03-09T05:09:23: UCIsUpdaterEnabled : UpdaterIsEnabled.
2020-03-09T05:09:23: Updater has never been run on the machine.
2020-03-09T05:09:23: StartupUtility : Window is NOT Elapsed.
2020-03-09T05:09:23: <<< Adobe Updater Log End <<<


2020-03-09T09:16:01: >>> Adobe Updater Log Begin >>>
2020-03-09T09:16:01: Application Version: 6.0.0.67
2020-03-09T09:16:01: cmdline option: -logFile = C:\Users\23481\AppData\Local\Adobe\AAMUpdater\1.0\aamul.log
2020-03-09T09:16:01: cmdline option: -logLevel = 2
2020-03-09T09:16:01: StartupUtility : Loaded at startup/logon.
2020-03-09T09:16:01: UCIsUpdaterEnabled : UpdaterIsEnabled.
2020-03-09T09:16:01: Updater has never been run on the machine.
2020-03-09T09:16:01: StartupUtility : Window is NOT Elapsed.
2020-03-09T09:16:01: <<< Adobe Updater Log End <<<


2020-03-09T11:13:23: >>> Adobe Updater Log Begin >>>
2020-03-09T11:13:23: Application Version: 6.0.0.67
2020-03-09T11:13:23: cmdline option: -logFile = C:\Users\23481\AppData\Local\Adobe\AAMUpdater\1.0\aamul.log
2020-03-09T11:13:23: cmdline option: -logLevel = 2
2020-03-09T11:13:23: StartupUtility : Loaded at startup/logon.
2020-03-09T11:13:23: UCIsUpdaterEnabled : UpdaterIsEnabled.
2020-03-09T11:13:23: Updater has never been run on the machine.
2020-03-09T11:13:23: StartupUtility : Window is NOT Elapsed.
2020-03-09T11:13:23: <<< Adobe Updater Log End <<<


2020-03-09T17:47:36: >>> Adobe Updater Log Begin >>>
2020-03-09T17:47:36: Application Version: 6.0.0.67
2020-03-09T17:47:36: cmdline option: -logFile = C:\Users\23481\AppData\Local\Adobe\AAMUpdater\1.0\aamul.log
2020-03-09T17:47:36: cmdline option: -logLevel = 2
2020-03-09T17:47:36: StartupUtility : Loaded at startup/logon.
2020-03-09T17:47:36: UCIsUpdaterEnabled : UpdaterIsEnabled.
2020-03-09T17:47:36: Updater has never been run on the machine.
2020-03-09T17:47:36: StartupUtility : Window is NOT Elapsed.
2020-03-09T17:47:36: <<< Adobe Updater Log End <<<


2020-03-10T07:13:18: >>> Adobe Updater Log Begin >>>
2020-03-10T07:13:18: Application Version: 6.0.0.67
2020-03-10T07:13:18: cmdline option: -logFile = C:\Users\23481\AppData\Local\Adobe\AAMUpdater\1.0\aamul.log
2020-03-10T07:13:18: cmdline option: -logLevel = 2
2020-03-10T07:13:18: StartupUtility : Loaded at startup/logon.
2020-03-10T07:13:18: UCIsUpdaterEnabled : UpdaterIsEnabled.
2020-03-10T07:13:18: Updater has never been run on the machine.
2020-03-10T07:13:18: StartupUtility : Window is NOT Elapsed.
2020-03-10T07:13:18: <<< Adobe Updater Log End <<<


2020-03-10T08:34:50: >>> Adobe Updater Log Begin >>>
2020-03-10T08:34:50: Application Version: 6.0.0.67
2020-03-10T08:34:50: cmdline option: -logFile = C:\Users\23481\AppData\Local\Adobe\AAMUpdater\1.0\aamul.log
2020-03-10T08:34:50: cmdline option: -logLevel = 2
2020-03-10T08:34:50: StartupUtility : Loaded at startup/logon.
2020-03-10T08:34:50: UCIsUpdaterEnabled : UpdaterIsEnabled.
2020-03-10T08:34:50: Updater has never been run on the machine.
2020-03-10T08:34:50: StartupUtility : Window is NOT Elapsed.
2020-03-10T08:34:50: <<< Adobe Updater Log End <<<


2020-03-10T09:03:20: >>> Adobe Updater Log Begin >>>
2020-03-10T09:03:20: Application Version: 6.0.0.67
2020-03-10T09:03:20: cmdline option: -logFile = C:\Users\23481\AppData\Local\Adobe\AAMUpdater\1.0\aamul.log
2020-03-10T09:03:20: cmdline option: -logLevel = 2
2020-03-10T09:03:20: StartupUtility : Loaded at startup/logon.
2020-03-10T09:03:20: UCIsUpdaterEnabled : UpdaterIsEnabled.
2020-03-10T09:03:20: Updater has never been run on the machine.
2020-03-10T09:03:20: StartupUtility : Window is NOT Elapsed.
2020-03-10T09:03:20: <<< Adobe Updater Log End <<<


2020-03-10T10:01:59: >>> Adobe Updater Log Begin >>>
2020-03-10T10:01:59: Application Version: 6.0.0.67
2020-03-10T10:01:59: cmdline option: -logFile = C:\Users\23481\AppData\Local\Adobe\AAMUpdater\1.0\aamul.log
2020-03-10T10:01:59: cmdline option: -logLevel = 2
2020-03-10T10:01:59: StartupUtility : Loaded at startup/logon.
2020-03-10T10:01:59: UCIsUpdaterEnabled : UpdaterIsEnabled.
2020-03-10T10:01:59: Updater has never been run on the machine.
2020-03-10T10:01:59: StartupUtility : Window is NOT Elapsed.
2020-03-10T10:01:59: <<< Adobe Updater Log End <<<


2020-03-11T08:53:11: >>> Adobe Updater Log Begin >>>
2020-03-11T08:53:11: Application Version: 6.0.0.67
2020-03-11T08:53:11: cmdline option: -logFile = C:\Users\23481\AppData\Local\Adobe\AAMUpdater\1.0\aamul.log
2020-03-11T08:53:11: cmdline option: -logLevel = 2
2020-03-11T08:53:11: StartupUtility : Loaded at startup/logon.
2020-03-11T08:53:11: UCIsUpdaterEnabled : UpdaterIsEnabled.
2020-03-11T08:53:11: Updater has never been run on the machine.
2020-03-11T08:53:11: StartupUtility : Window is NOT Elapsed.
2020-03-11T08:53:11: <<< Adobe Updater Log End <<<


2020-03-11T09:16:13: >>> Adobe Updater Log Begin >>>
2020-03-11T09:16:13: Application Version: 6.0.0.67
2020-03-11T09:16:13: cmdline option: -logFile = C:\Users\23481\AppData\Local\Adobe\AAMUpdater\1.0\aamul.log
2020-03-11T09:16:13: cmdline option: -logLevel = 2
2020-03-11T09:16:13: StartupUtility : Loaded at startup/logon.
2020-03-11T09:16:13: UCIsUpdaterEnabled : UpdaterIsEnabled.
2020-03-11T09:16:13: Updater has never been run on the machine.
2020-03-11T09:16:13: StartupUtility : Window is NOT Elapsed.
2020-03-11T09:16:13: <<< Adobe Updater Log End <<<


2020-03-11T09:28:52: >>> Adobe Updater Log Begin >>>
2020-03-11T09:28:52: Application Version: 6.0.0.67
2020-03-11T09:28:52: cmdline option: -logFile = C:\Users\23481\AppData\Local\Adobe\AAMUpdater\1.0\aamul.log
2020-03-11T09:28:52: cmdline option: -logLevel = 2
2020-03-11T09:28:52: StartupUtility : Loaded at startup/logon.
2020-03-11T09:28:52: UCIsUpdaterEnabled : UpdaterIsEnabled.
2020-03-11T09:28:52: Updater has never been run on the machine.
2020-03-11T09:28:52: StartupUtility : Window is NOT Elapsed.
2020-03-11T09:28:52: <<< Adobe Updater Log End <<<


2020-03-11T12:24:53: >>> Adobe Updater Log Begin >>>
2020-03-11T12:24:53: Application Version: 6.0.0.67
2020-03-11T12:24:53: cmdline option: -logFile = C:\Users\23481\AppData\Local\Adobe\AAMUpdater\1.0\aamul.log
2020-03-11T12:24:53: cmdline option: -logLevel = 2
2020-03-11T12:24:53: StartupUtility : Loaded at startup/logon.
2020-03-11T12:24:53: UCIsUpdaterEnabled : UpdaterIsEnabled.
2020-03-11T12:24:53: Updater has never been run on the machine.
2020-03-11T12:24:53: StartupUtility : Window is NOT Elapsed.
2020-03-11T12:24:53: <<< Adobe Updater Log End <<<


2020-03-12T08:19:29: >>> Adobe Updater Log Begin >>>
2020-03-12T08:19:29: Application Version: 6.0.0.67
2020-03-12T08:19:29: cmdline option: -logFile = C:\Users\23481\AppData\Local\Adobe\AAMUpdater\1.0\aamul.log
2020-03-12T08:19:29: cmdline option: -logLevel = 2
2020-03-12T08:19:29: StartupUtility : Loaded at startup/logon.
2020-03-12T08:19:29: UCIsUpdaterEnabled : UpdaterIsEnabled.
2020-03-12T08:19:29: Updater has never been run on the machine.
2020-03-12T08:19:29: StartupUtility : Window is NOT Elapsed.
2020-03-12T08:19:29: <<< Adobe Updater Log End <<<


2020-03-12T18:30:19: >>> Adobe Updater Log Begin >>>
2020-03-12T18:30:19: Application Version: 6.0.0.67
2020-03-12T18:30:19: cmdline option: -logFile = C:\Users\23481\AppData\Local\Adobe\AAMUpdater\1.0\aamul.log
2020-03-12T18:30:19: cmdline option: -logLevel = 2
2020-03-12T18:30:19: StartupUtility : Loaded at startup/logon.
2020-03-12T18:30:19: UCIsUpdaterEnabled : UpdaterIsEnabled.
2020-03-12T18:30:19: Updater has never been run on the machine.
2020-03-12T18:30:19: StartupUtility : Window is NOT Elapsed.
2020-03-12T18:30:19: <<< Adobe Updater Log End <<<


2020-03-14T09:38:46: >>> Adobe Updater Log Begin >>>
2020-03-14T09:38:46: Application Version: 6.0.0.67
2020-03-14T09:38:46: cmdline option: -logFile = C:\Users\23481\AppData\Local\Adobe\AAMUpdater\1.0\aamul.log
2020-03-14T09:38:46: cmdline option: -logLevel = 2
2020-03-14T09:38:46: StartupUtility : Loaded at startup/logon.
2020-03-14T09:38:46: UCIsUpdaterEnabled : UpdaterIsEnabled.
2020-03-14T09:38:46: Updater has never been run on the machine.
2020-03-14T09:38:46: StartupUtility : Window is NOT Elapsed.
2020-03-14T09:38:46: <<< Adobe Updater Log End <<<


2020-03-14T16:16:47: >>> Adobe Updater Log Begin >>>
2020-03-14T16:16:47: Application Version: 6.0.0.67
2020-03-14T16:16:47: cmdline option: -logFile = C:\Users\23481\AppData\Local\Adobe\AAMUpdater\1.0\aamul.log
2020-03-14T16:16:47: cmdline option: -logLevel = 2
2020-03-14T16:16:47: StartupUtility : Loaded at startup/logon.
2020-03-14T16:16:47: UCIsUpdaterEnabled : UpdaterIsEnabled.
2020-03-14T16:16:47: Updater has never been run on the machine.
2020-03-14T16:16:47: StartupUtility : Window is NOT Elapsed.
2020-03-14T16:16:47: <<< Adobe Updater Log End <<<


2020-03-14T20:06:33: >>> Adobe Updater Log Begin >>>
2020-03-14T20:06:33: Application Version: 6.0.0.67
2020-03-14T20:06:33: cmdline option: -logFile = C:\Users\23481\AppData\Local\Adobe\AAMUpdater\1.0\aamul.log
2020-03-14T20:06:33: cmdline option: -logLevel = 2
2020-03-14T20:06:33: StartupUtility : Loaded at startup/logon.
2020-03-14T20:06:33: UCIsUpdaterEnabled : UpdaterIsEnabled.
2020-03-14T20:06:33: Updater has never been run on the machine.
2020-03-14T20:06:33: StartupUtility : Window is NOT Elapsed.
2020-03-14T20:06:33: <<< Adobe Updater Log End <<<


2020-03-15T19:47:44: >>> Adobe Updater Log Begin >>>
2020-03-15T19:47:44: Application Version: 6.0.0.67
2020-03-15T19:47:44: cmdline option: -logFile = C:\Users\23481\AppData\Local\Adobe\AAMUpdater\1.0\aamul.log
2020-03-15T19:47:44: cmdline option: -logLevel = 2
2020-03-15T19:47:44: StartupUtility : Loaded at startup/logon.
2020-03-15T19:47:44: UCIsUpdaterEnabled : UpdaterIsEnabled.
2020-03-15T19:47:44: Updater has never been run on the machine.
2020-03-15T19:47:44: StartupUtility : Window is NOT Elapsed.
2020-03-15T19:47:44: <<< Adobe Updater Log End <<<


2020-03-16T06:37:16: >>> Adobe Updater Log Begin >>>
2020-03-16T06:37:16: Application Version: 6.0.0.67
2020-03-16T06:37:16: cmdline option: -logFile = C:\Users\23481\AppData\Local\Adobe\AAMUpdater\1.0\aamul.log
2020-03-16T06:37:16: cmdline option: -logLevel = 2
2020-03-16T06:37:16: StartupUtility : Loaded at startup/logon.
2020-03-16T06:37:16: UCIsUpdaterEnabled : UpdaterIsEnabled.
2020-03-16T06:37:16: Updater has never been run on the machine.
2020-03-16T06:37:16: StartupUtility : Window is NOT Elapsed.
2020-03-16T06:37:16: <<< Adobe Updater Log End <<<


2020-03-16T22:44:40: >>> Adobe Updater Log Begin >>>
2020-03-16T22:44:40: Application Version: 6.0.0.67
2020-03-16T22:44:40: cmdline option: -logFile = C:\Users\23481\AppData\Local\Adobe\AAMUpdater\1.0\aamul.log
2020-03-16T22:44:40: cmdline option: -logLevel = 2
2020-03-16T22:44:40: StartupUtility : Loaded at startup/logon.
2020-03-16T22:44:40: UCIsUpdaterEnabled : UpdaterIsEnabled.
2020-03-16T22:44:40: Updater has never been run on the machine.
2020-03-16T22:44:40: StartupUtility : Window is NOT Elapsed.
2020-03-16T22:44:40: <<< Adobe Updater Log End <<<


2020-03-17T12:05:14: >>> Adobe Updater Log Begin >>>
2020-03-17T12:05:14: Application Version: 6.0.0.67
2020-03-17T12:05:14: cmdline option: -logFile = C:\Users\23481\AppData\Local\Adobe\AAMUpdater\1.0\aamul.log
2020-03-17T12:05:14: cmdline option: -logLevel = 2
2020-03-17T12:05:14: StartupUtility : Loaded at startup/logon.
2020-03-17T12:05:14: UCIsUpdaterEnabled : UpdaterIsEnabled.
2020-03-17T12:05:14: Updater has never been run on the machine.
2020-03-17T12:05:14: StartupUtility : Window is NOT Elapsed.
2020-03-17T12:05:14: <<< Adobe Updater Log End <<<


2020-03-17T21:21:35: >>> Adobe Updater Log Begin >>>
2020-03-17T21:21:35: Application Version: 6.0.0.67
2020-03-17T21:21:35: cmdline option: -logFile = C:\Users\23481\AppData\Local\Adobe\AAMUpdater\1.0\aamul.log
2020-03-17T21:21:35: cmdline option: -logLevel = 2
2020-03-17T21:21:35: StartupUtility : Loaded at startup/logon.
2020-03-17T21:21:35: UCIsUpdaterEnabled : UpdaterIsEnabled.
2020-03-17T21:21:35: Updater has never been run on the machine.
2020-03-17T21:21:35: StartupUtility : Window is NOT Elapsed.
2020-03-17T21:21:35: <<< Adobe Updater Log End <<<


2020-03-17T21:28:09: >>> Adobe Updater Log Begin >>>
2020-03-17T21:28:09: Application Version: 6.0.0.67
2020-03-17T21:28:09: cmdline option: -logFile = C:\Users\23481\AppData\Local\Adobe\AAMUpdater\1.0\aamul.log
2020-03-17T21:28:09: cmdline option: -logLevel = 2
2020-03-17T21:28:09: StartupUtility : Loaded at startup/logon.
2020-03-17T21:28:09: UCIsUpdaterEnabled : UpdaterIsEnabled.
2020-03-17T21:28:09: Updater has never been run on the machine.
2020-03-17T21:28:09: StartupUtility : Window is NOT Elapsed.
2020-03-17T21:28:09: <<< Adobe Updater Log End <<<


